Arguments: 
  C:\Program Files\nodejs\node.exe C:\Program Files\nodejs\node_modules\yarn\bin\yarn.js -help

PATH: 
  C:\WINDOWS\system32;C:\WINDOWS;C:\WINDOWS\System32\Wbem;C:\WINDOWS\System32\WindowsPowerShell\v1.0\;C:\WINDOWS\System32\OpenSSH\;E:\Program Files\Java\jdk1.8.0_152\bin;E:\Program Files\Git\cmd;%NODE_PATH%;C:\ProgramData\chocolatey\bin;C:\Users\cai2h\.m2\wrapper\dists\apache-maven-3.8.8-bin\apache-maven-3.8.8\bin;F:\offer\offer\php-7.4.30-Win32-vc15-x64;C:\Users\cai2h\AppData\Roaming\nvm;C:\Program Files\nodejs;E:\Program Files (x86)\Tencent\微信web开发者工具\dll;C:\Users\cai2h\AppData\Local\Programs\Python\Python37\Scripts\;C:\Users\cai2h\AppData\Local\Programs\Python\Python37\;C:\Users\cai2h\AppData\Local\Microsoft\WindowsApps;E:\Program Files\JetBrains\IntelliJ IDEA Community Edition 2023.1.2\bin;E:\Programs\Microsoft VS Code\bin;node_global;C:\Users\cai2h\AppData\Roaming\nvm;C:\Program Files\nodejs

Yarn version: 
  1.22.19

Node version: 
  14.2.0

Platform: 
  win32 x64

Trace: 
  Error: getaddrinfo ENOENT raw.githubusercontent.com
      at GetAddrInfoReqWrap.onlookup [as oncomplete] (dns.js:66:26)

npm manifest: 
  {
      "name": "obsidian-full-calendar",
      "version": "0.10.7",
      "description": "Obsidian integration with Full Calendar (fullcalendar.io)",
      "main": "main.js",
      "scripts": {
          "dev": "node esbuild.config.mjs",
          "build": "tsc -noEmit -skipLibCheck && node esbuild.config.mjs production",
          "version": "node version-bump.mjs && git add manifest.json versions.json",
          "lint": "prettier --check 'src/**/*.ts*'",
          "fix-lint": "prettier --write 'src/**/*.ts*'",
          "compile": "tsc -noEmit --skipLibCheck",
          "prepare": "husky install",
          "test": "jest --ci --silent=true",
          "test-dev": "jest --watch",
          "coverage": "jest --coverage"
      },
      "keywords": [],
      "author": {
          "name": "Davis Haupt",
          "email": "contact@davishaupt.com",
          "url": "https://davi.sh"
      },
      "license": "MIT",
      "devDependencies": {
          "@types/co": "^4.6.3",
          "@types/color": "^3.0.3",
          "@types/dav": "^1.7.4",
          "@types/jest": "^29.2.3",
          "@types/luxon": "^2.0.9",
          "@types/node": "^16.11.6",
          "@types/react": "^17.0.38",
          "@types/react-dom": "^17.0.11",
          "@typescript-eslint/eslint-plugin": "^5.2.0",
          "@typescript-eslint/parser": "^5.2.0",
          "builtin-modules": "^3.2.0",
          "esbuild": "0.13.12",
          "fast-check": "^3.8.0",
          "husky": "^7.0.4",
          "jest": "^29.3.1",
          "obsidian": "^0.16.3",
          "prettier": "^2.5.1",
          "ts-jest": "^29.0.3",
          "tslib": "2.3.1",
          "typescript": "4.4.4",
          "zod-fast-check": "^0.9.0"
      },
      "dependencies": {
          "@fullcalendar/core": "^5.10.1",
          "@fullcalendar/daygrid": "^5.10.1",
          "@fullcalendar/google-calendar": "^5.10.1",
          "@fullcalendar/icalendar": "^5.10.1",
          "@fullcalendar/interaction": "^5.10.1",
          "@fullcalendar/list": "^5.10.1",
          "@fullcalendar/rrule": "^5.11.2",
          "@fullcalendar/timegrid": "^5.10.1",
          "@ladle/react": "^2.10.1",
          "@types/deep-equal": "^1.0.1",
          "@types/ical": "^0.8.0",
          "color": "^4.2.1",
          "dav": "^1.8.0",
          "deep-equal": "^2.1.0",
          "ical": "^0.8.0",
          "ical.js": "^1.5.0",
          "luxon": "^2.3.0",
          "moment": "^2.29.4",
          "obsidian-daily-notes-interface": "^0.9.4",
          "react": "^17.0.2",
          "react-dom": "^17.0.2",
          "rrule": "^2.7.2",
          "zod": "^3.21.4"
      }
  }

yarn manifest: 
  No manifest

Lockfile: 
  No lockfile
